<?xml version="1.0" encoding="UTF-8"?>
<!-- Generated by org.testng.reporters.JUnitReportReporter -->
<testsuite hostname="Asus" failures="0" tests="1" name="spiceJetScripts.SpiceJetScenario" time="75.748" errors="0" timestamp="2023-04-20T19:30:14 IST" skipped="0">
  <testcase classname="spiceJetScripts.SpiceJetScenario" name="test" time="75.748"/>
  <system-out/>
</testsuite> <!-- spiceJetScripts.SpiceJetScenario -->
